<pre class="mt-5">stdClass Object
(
    [code] => 200
    [status] => Success
    [data] => stdClass Object
        (
            [count] => 109
            [platforms] => stdClass Object
                (
                    [25] => stdClass Object
                        (
                            [id] => 25
                            [name] => 3DO
                            [alias] => 3do
                        )

                    [4944] => stdClass Object
                        (
                            [id] => 4944
                            [name] => Acorn Archimedes
                            [alias] => acorn-archimedes
                        )

                    [4954] => stdClass Object
                        (
                            [id] => 4954
                            [name] => Acorn Electron
                            [alias] => acorn-electron
                        )

                    [4976] => stdClass Object
                        (
                            [id] => 4976
                            [name] => Action Max
                            [alias] => action-max
                        )

                    [4911] => stdClass Object
                        (
                            [id] => 4911
                            [name] => Amiga
                            [alias] => amiga
                        )

                    [4947] => stdClass Object
                        (
                            [id] => 4947
                            [name] => Amiga CD32
                            [alias] => amiga-cd32
                        )

                    [4914] => stdClass Object
                        (
                            [id] => 4914
                            [name] => Amstrad CPC
                            [alias] => amstrad-cpc
                        )

                    [4916] => stdClass Object
                        (
                            [id] => 4916
                            [name] => Android
                            [alias] => android
                        )

                    [4969] => stdClass Object
                        (
                            [id] => 4969
                            [name] => APF MP-1000
                            [alias] => apf-mp-1000
                        )

                    [4942] => stdClass Object
                        (
                            [id] => 4942
                            [name] => Apple II
                            [alias] => apple2
                        )

                    [23] => stdClass Object
                        (
                            [id] => 23
                            [name] => Arcade
                            [alias] => arcade
                        )

                    [22] => stdClass Object
                        (
                            [id] => 22
                            [name] => Atari 2600
                            [alias] => atari-2600
                        )

                    [26] => stdClass Object
                        (
                            [id] => 26
                            [name] => Atari 5200
                            [alias] => atari-5200
                        )

                    [27] => stdClass Object
                        (
                            [id] => 27
                            [name] => Atari 7800
                            [alias] => atari-7800
                        )

                    [4943] => stdClass Object
                        (
                            [id] => 4943
                            [name] => Atari 800
                            [alias] => atari800
                        )

                    [28] => stdClass Object
                        (
                            [id] => 28
                            [name] => Atari Jaguar
                            [alias] => atari-jaguar
                        )

                    [29] => stdClass Object
                        (
                            [id] => 29
                            [name] => Atari Jaguar CD
                            [alias] => atari-jaguar-cd
                        )

                    [4924] => stdClass Object
                        (
                            [id] => 4924
                            [name] => Atari Lynx
                            [alias] => atari-lynx
                        )

                    [4937] => stdClass Object
                        (
                            [id] => 4937
                            [name] => Atari ST
                            [alias] => atari-st
                        )

                    [30] => stdClass Object
                        (
                            [id] => 30
                            [name] => Atari XE
                            [alias] => atari-xe
                        )

                    [4968] => stdClass Object
                        (
                            [id] => 4968
                            [name] => Bally Astrocade
                            [alias] => bally-astrocade
                        )

                    [4964] => stdClass Object
                        (
                            [id] => 4964
                            [name] => Casio PV-1000
                            [alias] => casio-pv-1000
                        )

                    [4970] => stdClass Object
                        (
                            [id] => 4970
                            [name] => Coleco Telstar Arcade
                            [alias] => coleco-telstar-arcade
                        )

                    [31] => stdClass Object
                        (
                            [id] => 31
                            [name] => Colecovision
                            [alias] => colecovision
                        )

                    [4946] => stdClass Object
                        (
                            [id] => 4946
                            [name] => Commodore 128
                            [alias] => c128
                        )

                    [40] => stdClass Object
                        (
                            [id] => 40
                            [name] => Commodore 64
                            [alias] => commodore-64
                        )

                    [4945] => stdClass Object
                        (
                            [id] => 4945
                            [name] => Commodore VIC-20
                            [alias] => commodore-vic20
                        )

                    [4952] => stdClass Object
                        (
                            [id] => 4952
                            [name] => Dragon 32/64
                            [alias] => dragon32-64
                        )

                    [4963] => stdClass Object
                        (
                            [id] => 4963
                            [name] => Emerson Arcadia 2001
                            [alias] => emerson-arcadia-2001
                        )

                    [4974] => stdClass Object
                        (
                            [id] => 4974
                            [name] => Entex Adventure Vision
                            [alias] => entex-adventure-vision
                        )

                    [4973] => stdClass Object
                        (
                            [id] => 4973
                            [name] => Entex Select-a-Game
                            [alias] => entex-select-a-game
                        )

                    [4965] => stdClass Object
                        (
                            [id] => 4965
                            [name] => Epoch Cassette Vision
                            [alias] => epoch-cassette-vision
                        )

                    [4966] => stdClass Object
                        (
                            [id] => 4966
                            [name] => Epoch Super Cassette Vision
                            [alias] => epoch-super-cassette-vision
                        )

                    [4928] => stdClass Object
                        (
                            [id] => 4928
                            [name] => Fairchild Channel F
                            [alias] => fairchild
                        )

                    [4936] => stdClass Object
                        (
                            [id] => 4936
                            [name] => Famicom Disk System
                            [alias] => fds
                        )

                    [4932] => stdClass Object
                        (
                            [id] => 4932
                            [name] => FM Towns Marty
                            [alias] => fmtowns
                        )

                    [4978] => stdClass Object
                        (
                            [id] => 4978
                            [name] => Fujitsu FM-7
                            [alias] => fujitsu-fm-7
                        )

                    [4962] => stdClass Object
                        (
                            [id] => 4962
                            [name] => Gakken Compact Vision
                            [alias] => gakken-compact-vision
                        )

                    [4950] => stdClass Object
                        (
                            [id] => 4950
                            [name] => Game & Watch
                            [alias] => game-and-watch
                        )

                    [4940] => stdClass Object
                        (
                            [id] => 4940
                            [name] => Game.com
                            [alias] => game-com
                        )

                    [4951] => stdClass Object
                        (
                            [id] => 4951
                            [name] => Handheld Electronic Games (LCD)
                            [alias] => lcd
                        )

                    [32] => stdClass Object
                        (
                            [id] => 32
                            [name] => Intellivision
                            [alias] => intellivision
                        )

                    [4915] => stdClass Object
                        (
                            [id] => 4915
                            [name] => iOS
                            [alias] => ios
                        )

                    [37] => stdClass Object
                        (
                            [id] => 37
                            [name] => Mac OS
                            [alias] => mac-os
                        )

                    [4961] => stdClass Object
                        (
                            [id] => 4961
                            [name] => Magnavox Odyssey 1
                            [alias] => magnavox-odyssey
                        )

                    [4927] => stdClass Object
                        (
                            [id] => 4927
                            [name] => Magnavox Odyssey 2
                            [alias] => magnavox-odyssey-2
                        )

                    [4948] => stdClass Object
                        (
                            [id] => 4948
                            [name] => Mega Duck
                            [alias] => megaduck
                        )

                    [14] => stdClass Object
                        (
                            [id] => 14
                            [name] => Microsoft Xbox
                            [alias] => microsoft-xbox
                        )

                    [15] => stdClass Object
                        (
                            [id] => 15
                            [name] => Microsoft Xbox 360
                            [alias] => microsoft-xbox-360
                        )

                    [4920] => stdClass Object
                        (
                            [id] => 4920
                            [name] => Microsoft Xbox One
                            [alias] => microsoft-xbox-one
                        )

                    [4972] => stdClass Object
                        (
                            [id] => 4972
                            [name] => Milton Bradley Microvision
                            [alias] => milton-bradley-microvision
                        )

                    [4929] => stdClass Object
                        (
                            [id] => 4929
                            [name] => MSX
                            [alias] => msx
                        )

                    [4938] => stdClass Object
                        (
                            [id] => 4938
                            [name] => N-Gage
                            [alias] => ngage
                        )

                    [24] => stdClass Object
                        (
                            [id] => 24
                            [name] => Neo Geo
                            [alias] => neogeo
                        )

                    [4956] => stdClass Object
                        (
                            [id] => 4956
                            [name] => Neo Geo CD
                            [alias] => neo-geo-cd
                        )

                    [4922] => stdClass Object
                        (
                            [id] => 4922
                            [name] => Neo Geo Pocket
                            [alias] => neo-geo-pocket
                        )

                    [4923] => stdClass Object
                        (
                            [id] => 4923
                            [name] => Neo Geo Pocket Color
                            [alias] => neo-geo-pocket-color
                        )

                    [4912] => stdClass Object
                        (
                            [id] => 4912
                            [name] => Nintendo 3DS
                            [alias] => nintendo-3ds
                        )

                    [3] => stdClass Object
                        (
                            [id] => 3
                            [name] => Nintendo 64
                            [alias] => nintendo-64
                        )

                    [8] => stdClass Object
                        (
                            [id] => 8
                            [name] => Nintendo DS
                            [alias] => nintendo-ds
                        )

                    [7] => stdClass Object
                        (
                            [id] => 7
                            [name] => Nintendo Entertainment System (NES)
                            [alias] => nintendo-entertainment-system-nes
                        )

                    [4] => stdClass Object
                        (
                            [id] => 4
                            [name] => Nintendo Game Boy
                            [alias] => nintendo-gameboy
                        )

                    [5] => stdClass Object
                        (
                            [id] => 5
                            [name] => Nintendo Game Boy Advance
                            [alias] => nintendo-gameboy-advance
                        )

                    [41] => stdClass Object
                        (
                            [id] => 41
                            [name] => Nintendo Game Boy Color
                            [alias] => nintendo-gameboy-color
                        )

                    [2] => stdClass Object
                        (
                            [id] => 2
                            [name] => Nintendo GameCube
                            [alias] => nintendo-gamecube
                        )

                    [4957] => stdClass Object
                        (
                            [id] => 4957
                            [name] => Nintendo Pokémon Mini
                            [alias] => nintendo-pokmon-mini
                        )

                    [4971] => stdClass Object
                        (
                            [id] => 4971
                            [name] => Nintendo Switch
                            [alias] => nintendo-switch
                        )

                    [4918] => stdClass Object
                        (
                            [id] => 4918
                            [name] => Nintendo Virtual Boy
                            [alias] => nintendo-virtual-boy
                        )

                    [9] => stdClass Object
                        (
                            [id] => 9
                            [name] => Nintendo Wii
                            [alias] => nintendo-wii
                        )

                    [38] => stdClass Object
                        (
                            [id] => 38
                            [name] => Nintendo Wii U
                            [alias] => nintendo-wii-u
                        )

                    [4935] => stdClass Object
                        (
                            [id] => 4935
                            [name] => Nuon
                            [alias] => nuon
                        )

                    [4921] => stdClass Object
                        (
                            [id] => 4921
                            [name] => Ouya
                            [alias] => ouya
                        )

                    [1] => stdClass Object
                        (
                            [id] => 1
                            [name] => PC
                            [alias] => pc
                        )

                    [4933] => stdClass Object
                        (
                            [id] => 4933
                            [name] => PC-88
                            [alias] => pc88
                        )

                    [4934] => stdClass Object
                        (
                            [id] => 4934
                            [name] => PC-98
                            [alias] => pc98
                        )

                    [4930] => stdClass Object
                        (
                            [id] => 4930
                            [name] => PC-FX
                            [alias] => pcfx
                        )

                    [4917] => stdClass Object
                        (
                            [id] => 4917
                            [name] => Philips CD-i
                            [alias] => philips-cd-i
                        )

                    [4975] => stdClass Object
                        (
                            [id] => 4975
                            [name] => Pioneer LaserActive
                            [alias] => 
                        )

                    [4967] => stdClass Object
                        (
                            [id] => 4967
                            [name] => RCA Studio II
                            [alias] => rca-studio-ii
                        )

                    [4979] => stdClass Object
                        (
                            [id] => 4979
                            [name] => SAM Coupé
                            [alias] => 
                        )

                    [33] => stdClass Object
                        (
                            [id] => 33
                            [name] => Sega 32X
                            [alias] => sega-32x
                        )

                    [21] => stdClass Object
                        (
                            [id] => 21
                            [name] => Sega CD
                            [alias] => sega-cd
                        )

                    [16] => stdClass Object
                        (
                            [id] => 16
                            [name] => Sega Dreamcast
                            [alias] => sega-dreamcast
                        )

                    [20] => stdClass Object
                        (
                            [id] => 20
                            [name] => Sega Game Gear
                            [alias] => sega-game-gear
                        )

                    [18] => stdClass Object
                        (
                            [id] => 18
                            [name] => Sega Genesis
                            [alias] => sega-genesis
                        )

                    [35] => stdClass Object
                        (
                            [id] => 35
                            [name] => Sega Master System
                            [alias] => sega-master-system
                        )

                    [36] => stdClass Object
                        (
                            [id] => 36
                            [name] => Sega Mega Drive
                            [alias] => sega-mega-drive
                        )

                    [4958] => stdClass Object
                        (
                            [id] => 4958
                            [name] => Sega Pico
                            [alias] => sega-pico
                        )

                    [17] => stdClass Object
                        (
                            [id] => 17
                            [name] => Sega Saturn
                            [alias] => sega-saturn
                        )

                    [4949] => stdClass Object
                        (
                            [id] => 4949
                            [name] => SEGA SG-1000
                            [alias] => sg1000
                        )

                    [4977] => stdClass Object
                        (
                            [id] => 4977
                            [name] => Sharp X1
                            [alias] => sharp-x1
                        )

                    [4931] => stdClass Object
                        (
                            [id] => 4931
                            [name] => Sharp X68000
                            [alias] => x68
                        )

                    [4913] => stdClass Object
                        (
                            [id] => 4913
                            [name] => Sinclair ZX Spectrum
                            [alias] => sinclair-zx-spectrum
                        )

                    [10] => stdClass Object
                        (
                            [id] => 10
                            [name] => Sony Playstation
                            [alias] => sony-playstation
                        )

                    [11] => stdClass Object
                        (
                            [id] => 11
                            [name] => Sony Playstation 2
                            [alias] => sony-playstation-2
                        )

                    [12] => stdClass Object
                        (
                            [id] => 12
                            [name] => Sony Playstation 3
                            [alias] => sony-playstation-3
                        )

                    [4919] => stdClass Object
                        (
                            [id] => 4919
                            [name] => Sony Playstation 4
                            [alias] => sony-playstation-4
                        )

                    [13] => stdClass Object
                        (
                            [id] => 13
                            [name] => Sony Playstation Portable
                            [alias] => sony-psp
                        )

                    [39] => stdClass Object
                        (
                            [id] => 39
                            [name] => Sony Playstation Vita
                            [alias] => sony-playstation-vita
                        )

                    [6] => stdClass Object
                        (
                            [id] => 6
                            [name] => Super Nintendo (SNES)
                            [alias] => super-nintendo-snes
                        )

                    [4953] => stdClass Object
                        (
                            [id] => 4953
                            [name] => Texas Instruments TI-99/4A
                            [alias] => texas-instruments-ti-99-4a
                        )

                    [4960] => stdClass Object
                        (
                            [id] => 4960
                            [name] => Tomy Tutor
                            [alias] => tomy-pyta
                        )

                    [4941] => stdClass Object
                        (
                            [id] => 4941
                            [name] => TRS-80 Color Computer
                            [alias] => trs80-color
                        )

                    [34] => stdClass Object
                        (
                            [id] => 34
                            [name] => TurboGrafx 16
                            [alias] => turbografx-16
                        )

                    [4955] => stdClass Object
                        (
                            [id] => 4955
                            [name] => TurboGrafx CD
                            [alias] => turbo-grafx-cd
                        )

                    [4939] => stdClass Object
                        (
                            [id] => 4939
                            [name] => Vectrex
                            [alias] => vectrex
                        )

                    [4959] => stdClass Object
                        (
                            [id] => 4959
                            [name] => Watara Supervision
                            [alias] => watara-supervision
                        )

                    [4925] => stdClass Object
                        (
                            [id] => 4925
                            [name] => WonderSwan
                            [alias] => wonderswan
                        )

                    [4926] => stdClass Object
                        (
                            [id] => 4926
                            [name] => WonderSwan Color
                            [alias] => wonderswan-color
                        )

                )

        )

    [remaining_monthly_allowance] => 999
    [extra_allowance] => 0
)
</pre>